\BOOKMARK [0][-]{chapter*.2}{\376\377\000S\000y\000m\000b\000o\000l\000i\000l\000u\000e\000t\000t\000e\000l\000o}{}% 1
\BOOKMARK [0][-]{chapter.1}{\376\377\000J\000o\000h\000d\000a\000n\000t\000o}{}% 2
\BOOKMARK [1][-]{section.1.1}{\376\377\000D\000o\000k\000u\000m\000e\000n\000t\000i\000n\000\040\000k\000\344\000\344\000n\000t\000\344\000m\000i\000n\000e\000n}{chapter.1}% 3
\BOOKMARK [0][-]{chapter.2}{\376\377\000U\000l\000k\000o\000a\000s\000u}{}% 4
\BOOKMARK [1][-]{section.2.1}{\376\377\000K\000i\000e\000l\000i}{chapter.2}% 5
\BOOKMARK [1][-]{section.2.2}{\376\377\000K\000a\000k\000s\000i\000p\000u\000o\000l\000i\000n\000e\000n\000\040\000v\000a\000i\000\040\000e\000i\000?}{chapter.2}% 6
\BOOKMARK [1][-]{section.2.3}{\376\377\000K\000i\000r\000j\000a\000s\000i\000n\000k\000o\000k\000o\000\040\000j\000a\000\040\000r\000i\000v\000i\000v\000\344\000l\000i}{chapter.2}% 7
\BOOKMARK [0][-]{chapter.3}{\376\377\000K\000a\000a\000v\000a\000t\000\040\000j\000a\000\040\000s\000y\000m\000b\000o\000l\000i\000t}{}% 8
\BOOKMARK [0][-]{chapter.4}{\376\377\000K\000u\000v\000a\000t\000\040\000j\000a\000\040\000t\000a\000u\000l\000u\000k\000o\000t}{}% 9
\BOOKMARK [1][-]{section.4.1}{\376\377\000K\000u\000v\000a\000t}{chapter.4}% 10
\BOOKMARK [1][-]{section.4.2}{\376\377\000T\000a\000u\000l\000u\000k\000o\000t}{chapter.4}% 11
\BOOKMARK [0][-]{chapter.5}{\376\377\000V\000i\000i\000t\000t\000a\000u\000k\000s\000e\000t}{}% 12
\BOOKMARK [0][-]{chapter.6}{\376\377\000\040\000O\000p\000i\000n\000n\000\344\000y\000t\000e\000t\000y\000\366\000n\000\040\000r\000a\000k\000e\000n\000n\000e}{}% 13
\BOOKMARK [1][-]{section.6.1}{\376\377\000J\000o\000h\000d\000a\000n\000t\000o}{chapter.6}% 14
\BOOKMARK [1][-]{section.6.2}{\376\377\000T\000e\000k\000s\000t\000i\000l\000u\000v\000u\000t}{chapter.6}% 15
\BOOKMARK [1][-]{section.6.3}{\376\377\000T\000e\000o\000r\000i\000a\000a}{chapter.6}% 16
\BOOKMARK [1][-]{section.6.4}{\376\377\000T\000u\000l\000o\000k\000s\000e\000t}{chapter.6}% 17
\BOOKMARK [1][-]{section.6.5}{\376\377\000J\000o\000h\000t\000o\000p\000\344\000\344\000t\000\366\000k\000s\000e\000t}{chapter.6}% 18
\BOOKMARK [0][-]{appendix.1.A}{\376\377\000L\000i\000i\000t\000e\000\040\000L\000i\000i\000t\000t\000e\000e\000t}{}% 19
\BOOKMARK [0][-]{section*.5}{\376\377\000K\000i\000r\000j\000a\000l\000l\000i\000s\000u\000u\000t\000t\000a}{}% 20
