This is pdfTeX, Version 3.14159265-2.6-1.40.21 (MiKTeX 2.9.7300 64-bit) (preloaded format=pdflatex 2020.2.11)  14 FEB 2020 00:27
entering extended mode
**./kooste.tex
(kooste.tex
LaTeX2e <2020-02-02> patch level 1
L3 programming layer <2020-02-08>
("C:\Users\planckcons\AppData\Local\Programs\MiKTeX 2.9\tex/latex/base\article.
cls"
Document Class: article 2019/12/20 v1.4l Standard LaTeX document class

("C:\Users\planckcons\AppData\Local\Programs\MiKTeX 2.9\tex/latex/base\size12.c
lo"
File: size12.clo 2019/12/20 v1.4l Standard LaTeX file (size option)
)
\c@part=\count167
\c@section=\count168
\c@subsection=\count169
\c@subsubsection=\count170
\c@paragraph=\count171
\c@subparagraph=\count172
\c@figure=\count173
\c@table=\count174
\abovecaptionskip=\skip47
\belowcaptionskip=\skip48
\bibindent=\dimen134
)
("C:\Users\planckcons\AppData\Local\Programs\MiKTeX 2.9\tex/latex/physics\physi
cs.sty"
Package: physics 

("C:\Users\planckcons\AppData\Local\Programs\MiKTeX 2.9\tex/latex/l3packages/xp
arse\xparse.sty"
("C:\Users\planckcons\AppData\Local\Programs\MiKTeX 2.9\tex/latex/l3kernel\expl
3.sty"
Package: expl3 2020-02-08 L3 programming layer (loader) 

("C:\Users\planckcons\AppData\Local\Programs\MiKTeX 2.9\tex/latex/l3backend\l3b
ackend-pdfmode.def"
File: l3backend-pdfmode.def 2020-02-03 L3 backend support: PDF mode
\l__kernel_color_stack_int=\count175
\l__pdf_internal_box=\box45
))
Package: xparse 2020-02-08 L3 Experimental document command parser
\l__xparse_current_arg_int=\count176
\g__xparse_grabber_int=\count177
\l__xparse_m_args_int=\count178
\l__xparse_v_nesting_int=\count179
)
("C:\Users\planckcons\AppData\Local\Programs\MiKTeX 2.9\tex/latex/amsmath\amsma
th.sty"
Package: amsmath 2020/01/20 v2.17e AMS math features
\@mathmargin=\skip49

For additional information on amsmath, use the `?' option.

("C:\Users\planckcons\AppData\Local\Programs\MiKTeX 2.9\tex/latex/amsmath\amste
xt.sty"
Package: amstext 2000/06/29 v2.01 AMS text

("C:\Users\planckcons\AppData\Local\Programs\MiKTeX 2.9\tex/latex/amsmath\amsge
n.sty"
File: amsgen.sty 1999/11/30 v2.0 generic functions
\@emptytoks=\toks14
\ex@=\dimen135
))
("C:\Users\planckcons\AppData\Local\Programs\MiKTeX 2.9\tex/latex/amsmath\amsbs
y.sty"
Package: amsbsy 1999/11/29 v1.2d Bold Symbols
\pmbraise@=\dimen136
)
("C:\Users\planckcons\AppData\Local\Programs\MiKTeX 2.9\tex/latex/amsmath\amsop
n.sty"
Package: amsopn 2016/03/08 v2.02 operator names
)
\inf@bad=\count180
LaTeX Info: Redefining \frac on input line 227.
\uproot@=\count181
\leftroot@=\count182
LaTeX Info: Redefining \overline on input line 389.
\classnum@=\count183
\DOTSCASE@=\count184
LaTeX Info: Redefining \ldots on input line 486.
LaTeX Info: Redefining \dots on input line 489.
LaTeX Info: Redefining \cdots on input line 610.
\Mathstrutbox@=\box46
\strutbox@=\box47
\big@size=\dimen137
LaTeX Font Info:    Redeclaring font encoding OML on input line 733.
LaTeX Font Info:    Redeclaring font encoding OMS on input line 734.
\macc@depth=\count185
\c@MaxMatrixCols=\count186
\dotsspace@=\muskip16
\c@parentequation=\count187
\dspbrk@lvl=\count188
\tag@help=\toks15
\row@=\count189
\column@=\count190
\maxfields@=\count191
\andhelp@=\toks16
\eqnshift@=\dimen138
\alignsep@=\dimen139
\tagshift@=\dimen140
\tagwidth@=\dimen141
\totwidth@=\dimen142
\lineht@=\dimen143
\@envbody=\toks17
\multlinegap=\skip50
\multlinetaggap=\skip51
\mathdisplay@stack=\toks18
LaTeX Info: Redefining \[ on input line 2859.
LaTeX Info: Redefining \] on input line 2860.
))
("C:\Users\planckcons\AppData\Local\Programs\MiKTeX 2.9\tex/latex/caption\capti
on.sty"
Package: caption 2020/01/03 v3.4h Customizing captions (AR)

("C:\Users\planckcons\AppData\Local\Programs\MiKTeX 2.9\tex/latex/caption\capti
on3.sty"
Package: caption3 2020/01/03 v1.8h caption3 kernel (AR)
Package caption3 Info: TeX engine: e-TeX on input line 61.

("C:\Users\planckcons\AppData\Local\Programs\MiKTeX 2.9\tex/latex/graphics\keyv
al.sty"
Package: keyval 2014/10/28 v1.15 key=value parser (DPC)
\KV@toks@=\toks19
)
\captionmargin=\dimen144
\captionmargin@=\dimen145
\captionwidth=\dimen146
\caption@tempdima=\dimen147
\caption@indent=\dimen148
\caption@parindent=\dimen149
\caption@hangindent=\dimen150
Package caption Info: Standard document class detected.
)
\c@caption@flags=\count192
\c@continuedfloat=\count193
)
("C:\Users\planckcons\AppData\Local\Programs\MiKTeX 2.9\tex/latex/listings\list
ings.sty"
\lst@mode=\count194
\lst@gtempboxa=\box48
\lst@token=\toks20
\lst@length=\count195
\lst@currlwidth=\dimen151
\lst@column=\count196
\lst@pos=\count197
\lst@lostspace=\dimen152
\lst@width=\dimen153
\lst@newlines=\count198
\lst@lineno=\count199
\lst@maxwidth=\dimen154

("C:\Users\planckcons\AppData\Local\Programs\MiKTeX 2.9\tex/latex/listings\lstm
isc.sty"
File: lstmisc.sty 2019/09/10 1.8c (Carsten Heinz)
\c@lstnumber=\count266
\lst@skipnumbers=\count267
\lst@framebox=\box49
)
("C:\Users\planckcons\AppData\Local\Programs\MiKTeX 2.9\tex/latex/listings\list
ings.cfg"
File: listings.cfg 2019/09/10 1.8c listings configuration
))
Package: listings 2019/09/10 1.8c (Carsten Heinz)


LaTeX Warning: Unused global option(s):
    [finnish].

(kooste.aux)
\openout1 = `kooste.aux'.

LaTeX Font Info:    Checking defaults for OML/cmm/m/it on input line 26.
LaTeX Font Info:    ... okay on input line 26.
LaTeX Font Info:    Checking defaults for OMS/cmsy/m/n on input line 26.
LaTeX Font Info:    ... okay on input line 26.
LaTeX Font Info:    Checking defaults for OT1/cmr/m/n on input line 26.
LaTeX Font Info:    ... okay on input line 26.
LaTeX Font Info:    Checking defaults for T1/cmr/m/n on input line 26.
LaTeX Font Info:    ... okay on input line 26.
LaTeX Font Info:    Checking defaults for TS1/cmr/m/n on input line 26.
LaTeX Font Info:    ... okay on input line 26.
LaTeX Font Info:    Checking defaults for OMX/cmex/m/n on input line 26.
LaTeX Font Info:    ... okay on input line 26.
LaTeX Font Info:    Checking defaults for U/cmr/m/n on input line 26.
LaTeX Font Info:    ... okay on input line 26.
Package caption Info: Begin \AtBeginDocument code.
Package caption Info: listings package is loaded.
Package caption Info: End \AtBeginDocument code.
\c@lstlisting=\count268

Underfull \hbox (badness 1142) in paragraph at lines 37--38
[]\OT1/cmr/m/n/12 Suureiden sailyminen on er-i-tyisen tarkeaa fysi-ikan kan
nalta, koska
 []

[1

{C:/Users/planckcons/AppData/Local/MiKTeX/2.9/pdftex/config/pdftex.map}]
(kooste.aux) ) 
Here is how much of TeX's memory you used:
 4431 strings out of 481565
 70562 string characters out of 2911819
 310619 words of memory out of 3000000
 19698 multiletter control sequences out of 15000+200000
 534299 words of font info for 31 fonts, out of 3000000 for 9000
 1141 hyphenation exceptions out of 8191
 43i,7n,42p,576b,217s stack positions out of 5000i,500n,10000p,200000b,50000s
<C:/Users/planckcons/AppData/Local/Programs/MiKTeX 2.9/fonts/type
1/public/amsfonts/cm/cmr12.pfb><C:/Users/planckcons/AppData/Local/Programs/MiKT
eX 2.9/fonts/type1/public/amsfonts/cm/cmr17.pfb>
Output written on kooste.pdf (1 page, 29863 bytes).
PDF statistics:
 14 PDF objects out of 1000 (max. 8388607)
 0 named destinations out of 1000 (max. 500000)
 1 words of extra memory for PDF output out of 10000 (max. 10000000)

